 Reading fix_atom_file.
Check global input consistency...
Done.
- Finished with read_parameters.
  Reading topology file: /home/charmm-gui/local/GalaxyFill/data/topology_charmm22ph.in
  Reading topology file: /home/charmm-gui/local/GalaxyFill/data/topology_charmm22ph_nt.in
  Reading topology file: /home/charmm-gui/local/GalaxyFill/data/topology_charmm22ph_ct.in
- Finished with read_topology_geo.
  Reading topology file: /home/charmm-gui/local/GalaxyFill/data/topology_eng_charmm22ph.in
  Num_ref_res =    77
- Finished with read_topology_eng.
- Rotamer setup
  Reading rotamer library file  /home/charmm-gui/local/GalaxyFill/data/bbdep02.May.sortlib
  Total number of rotamers in rot lib file      466829
  Reading infile_chi_def file  /home/charmm-gui/local/GalaxyFill/data/def_chi.in
  Random seed =     465167
Task: build_initial_model
============================================================
  Reading sequence from pdb file: 3gcp_proa.orig_init.pdb
    There seems to be break in chain.  184 A ALA   185 A THR  C-N bond length is    43.909
  Reading pdb file: 3gcp_proa.orig_init.pdb
- Add missing atoms activated.
  Number of added heavy atoms =     0
  Total number of added atoms =     0
  n_unplaced =     0
- Fix type "all" activated: All atoms except ULR/USC are fixed.
- Energy: MM energy activated.
  Ramachandran score mode is set to "neighbor-dependent".
 - Connecting Terms (trials):     1    3
           2
           3
           2
           3
           2
           3
           2
           3
           2
           3
           2
           3
           2
           3
           2
           3
           2
           3
           2
           3
           2
           3
           2
           3
           2
           3
           2
           3
           2
           3
           2
           3
           2
           3
           2
           3
           2
           3
           2
           3
           2
           3
           2
           3
           2
           3
           2
           3
           2
           3
           2
           3
           2
           3
           2
           3
           2
           3
           2
           3
           2
           3
           2
           3
           2
           3
           2
           3
           2
           3
           2
           3
           2
           3
           2
           3
           2
           3
           2
           3
           2
           3
           2
           3
           2
           3
           2
           3
           2
           3
           2
           3
           2
           3
           2
           3
           2
           3
           2
           3
 - Connecting Loops (trials):   173  184
         173
         174
         175
         176
         177
         178
         179
         180
         181
         182
         183
         184
         173
         174
         175
         176
         177
         178
         179
         180
         181
         182
         183
         184
         173
         174
         175
         176
         177
         178
         179
         180
         181
         182
         183
         184
         173
         174
         175
         176
         177
         178
         179
         180
         181
         182
         183
         184
         173
         174
         175
         176
         177
         178
         179
         180
         181
         182
         183
         184
         173
         174
         175
         176
         177
         178
         179
         180
         181
         182
         183
         184
         173
         174
         175
         176
         177
         178
         179
         180
         181
         182
         183
         184
         173
         174
         175
         176
         177
         178
         179
         180
         181
         182
         183
         184
         173
         174
         175
         176
         177
         178
         179
         180
         181
         182
         183
         184
         173
         174
         175
         176
         177
         178
         179
         180
         181
         182
         183
         184
         173
         174
         175
         176
         177
         178
         179
         180
         181
         182
         183
         184
         173
         174
         175
         176
         177
         178
         179
         180
         181
         182
         183
         184
         173
         174
         175
         176
         177
         178
         179
         180
         181
         182
         183
         184
         173
         174
         175
         176
         177
         178
         179
         180
         181
         182
         183
         184
         173
         174
         175
         176
         177
         178
         179
         180
         181
         182
         183
         184
         173
         174
         175
         176
         177
         178
         179
         180
         181
         182
         183
         184
         173
         174
         175
         176
         177
         178
         179
         180
         181
         182
         183
         184
         173
         174
         175
         176
         177
         178
         179
         180
         181
         182
         183
         184
         173
         174
         175
         176
         177
         178
         179
         180
         181
         182
         183
         184
         173
         174
         175
         176
         177
         178
         179
         180
         181
         182
         183
         184
         173
         174
         175
         176
         177
         178
         179
         180
         181
         182
         183
         184
         173
         174
         175
         176
         177
         178
         179
         180
         181
         182
         183
         184
         173
         174
         175
         176
         177
         178
         179
         180
         181
         182
         183
         184
         173
         174
         175
         176
         177
         178
         179
         180
         181
         182
         183
         184
         173
         174
         175
         176
         177
         178
         179
         180
         181
         182
         183
         184
         173
         174
         175
         176
         177
         178
         179
         180
         181
         182
         183
         184
         173
         174
         175
         176
         177
         178
         179
         180
         181
         182
         183
         184
         173
         174
         175
         176
         177
         178
         179
         180
         181
         182
         183
         184
         173
         174
         175
         176
         177
         178
         179
         180
         181
         182
         183
         184
         173
         174
         175
         176
         177
         178
         179
         180
         181
         182
         183
         184
         173
         174
         175
         176
         177
         178
         179
         180
         181
         182
         183
         184
         173
         174
         175
         176
         177
         178
         179
         180
         181
         182
         183
         184
         173
         174
         175
         176
         177
         178
         179
         180
         181
         182
         183
         184
         173
         174
         175
         176
         177
         178
         179
         180
         181
         182
         183
         184
         173
         174
         175
         176
         177
         178
         179
         180
         181
         182
         183
         184
         173
         174
         175
         176
         177
         178
         179
         180
         181
         182
         183
         184
         173
         174
         175
         176
         177
         178
         179
         180
         181
         182
         183
         184
         173
         174
         175
         176
         177
         178
         179
         180
         181
         182
         183
         184
         173
         174
         175
         176
         177
         178
         179
         180
         181
         182
         183
         184
         173
         174
         175
         176
         177
         178
         179
         180
         181
         182
         183
         184
         173
         174
         175
         176
         177
         178
         179
         180
         181
         182
         183
         184
         173
         174
         175
         176
         177
         178
         179
         180
         181
         182
         183
         184
         173
         174
         175
         176
         177
         178
         179
         180
         181
         182
         183
         184
         173
         174
         175
         176
         177
         178
         179
         180
         181
         182
         183
         184
         173
         174
         175
         176
         177
         178
         179
         180
         181
         182
         183
         184
         173
         174
         175
         176
         177
         178
         179
         180
         181
         182
         183
         184
         173
         174
         175
         176
         177
         178
         179
         180
         181
         182
         183
         184
         173
         174
         175
         176
         177
         178
         179
         180
         181
         182
         183
         184
         173
         174
         175
         176
         177
         178
         179
         180
         181
         182
         183
         184
         173
         174
         175
         176
         177
         178
         179
         180
         181
         182
         183
         184
 - Connecting Terms (trials):   353  360
         353
         354
         355
         356
         357
         358
         359
         360
         353
         354
         355
         356
         357
         358
         359
         360
         353
         354
         355
         356
         357
         358
         359
         360
         353
         354
         355
         356
         357
         358
         359
         360
         353
         354
         355
         356
         357
         358
         359
         360
         353
         354
         355
         356
         357
         358
         359
         360
         353
         354
         355
         356
         357
         358
         359
         360
         353
         354
         355
         356
         357
         358
         359
         360
         353
         354
         355
         356
         357
         358
         359
         360
         353
         354
         355
         356
         357
         358
         359
         360
         353
         354
         355
         356
         357
         358
         359
         360
         353
         354
         355
         356
         357
         358
         359
         360
         353
         354
         355
         356
         357
         358
         359
         360
         353
         354
         355
         356
         357
         358
         359
         360
         353
         354
         355
         356
         357
         358
         359
         360
         353
         354
         355
         356
         357
         358
         359
         360
         353
         354
         355
         356
         357
         358
         359
         360
         353
         354
         355
         356
         357
         358
         359
         360
         353
         354
         355
         356
         357
         358
         359
         360
         353
         354
         355
         356
         357
         358
         359
         360
         353
         354
         355
         356
         357
         358
         359
         360
         353
         354
         355
         356
         357
         358
         359
         360
         353
         354
         355
         356
         357
         358
         359
         360
         353
         354
         355
         356
         357
         358
         359
         360
         353
         354
         355
         356
         357
         358
         359
         360
         353
         354
         355
         356
         357
         358
         359
         360
         353
         354
         355
         356
         357
         358
         359
         360
         353
         354
         355
         356
         357
         358
         359
         360
         353
         354
         355
         356
         357
         358
         359
         360
         353
         354
         355
         356
         357
         358
         359
         360
         353
         354
         355
         356
         357
         358
         359
         360
         353
         354
         355
         356
         357
         358
         359
         360
         353
         354
         355
         356
         357
         358
         359
         360
         353
         354
         355
         356
         357
         358
         359
         360
         353
         354
         355
         356
         357
         358
         359
         360
         353
         354
         355
         356
         357
         358
         359
         360
         353
         354
         355
         356
         357
         358
         359
         360
         353
         354
         355
         356
         357
         358
         359
         360
         353
         354
         355
         356
         357
         358
         359
         360
         353
         354
         355
         356
         357
         358
         359
         360
         353
         354
         355
         356
         357
         358
         359
         360
         353
         354
         355
         356
         357
         358
         359
         360
         353
         354
         355
         356
         357
         358
         359
         360
         353
         354
         355
         356
         357
         358
         359
         360
         353
         354
         355
         356
         357
         358
         359
         360
         353
         354
         355
         356
         357
         358
         359
         360
         353
         354
         355
         356
         357
         358
         359
         360
         353
         354
         355
         356
         357
         358
         359
         360
         353
         354
         355
         356
         357
         358
         359
         360
         353
         354
         355
         356
         357
         358
         359
         360
------------------------------------------------------------
Total User Time =      2.796 sec
           0 dy  0 hr  0 min  2.796 sec
------------------------------------------------------------
