log started: Thu Oct 13 12:00:43 2016

Log file: ./leap.log
>>> #
>>> # ----- leaprc for loading the ff10 force field
>>> # ----- NOTE: this is designed for PDB format 3!
>>> #       ff10 =  ff99SB for proteins; ff99bsc0 for DNA; ff99sbsc_chiOL3 for RNA
>>> #       phosphoaa parms from N. Homeyer, A.H.C. Horn, H. Lanig, H. Sticht
>>> #           J. Mol. Model. 2006, 12, 281-289.  OP vdW parameters modified
>>> #           by T. Steinbrecher and J. Latzer.
>>> #
>>> #	load atom type hybridizations
>>> #
>>> addAtomTypes {
>>> 	{ "H"   "H" "sp3" }
>>> 	{ "HO"  "H" "sp3" }
>>> 	{ "HS"  "H" "sp3" }
>>> 	{ "H1"  "H" "sp3" }
>>> 	{ "H2"  "H" "sp3" }
>>> 	{ "H3"  "H" "sp3" }
>>> 	{ "H4"  "H" "sp3" }
>>> 	{ "H5"  "H" "sp3" }
>>> 	{ "HW"  "H" "sp3" }
>>> 	{ "HC"  "H" "sp3" }
>>> 	{ "HA"  "H" "sp3" }
>>> 	{ "HP"  "H" "sp3" }
>>> 	{ "HZ"  "H" "sp3" }
>>> 	{ "OH"  "O" "sp3" }
>>> 	{ "OS"  "O" "sp3" }
>>> 	{ "O"   "O" "sp2" }
>>> 	{ "O2"  "O" "sp2" }
>>> 	{ "OP"  "O" "sp2" }
>>> 	{ "OW"  "O" "sp3" }
>>> 	{ "CT"  "C" "sp3" }
>>> 	{ "CX"  "C" "sp3" }
>>> 	{ "CH"  "C" "sp3" }
>>> 	{ "CS"  "C" "sp2" }
>>> 	{ "C"   "C" "sp2" }
>>> 	{ "C*"  "C" "sp2" }
>>> 	{ "CA"  "C" "sp2" }
>>> 	{ "CB"  "C" "sp2" }
>>> 	{ "CC"  "C" "sp2" }
>>> 	{ "CN"  "C" "sp2" }
>>> 	{ "CM"  "C" "sp2" }
>>> 	{ "CK"  "C" "sp2" }
>>> 	{ "CQ"  "C" "sp2" }
>>> 	{ "CD"  "C" "sp2" }
>>> 	{ "C5"  "C" "sp2" }
>>> 	{ "C4"  "C" "sp2" }
>>> 	{ "CP"  "C" "sp2" }
>>> 	{ "CI"  "C" "sp3" }
>>> 	{ "CJ"  "C" "sp2" }
>>> 	{ "CW"  "C" "sp2" }
>>> 	{ "CV"  "C" "sp2" }
>>> 	{ "CR"  "C" "sp2" }
>>> 	{ "CA"  "C" "sp2" }
>>> 	{ "CY"  "C" "sp2" }
>>> 	{ "C0"  "Ca" "sp2" }
>>> 	{ "MG"  "Mg" "sp3" }
>>> 	{ "N"   "N" "sp2" }
>>> 	{ "NA"  "N" "sp2" }
>>> 	{ "N2"  "N" "sp2" }
>>> 	{ "N*"  "N" "sp2" }
>>> 	{ "NP"  "N" "sp2" }
>>> 	{ "NQ"  "N" "sp2" }
>>> 	{ "NB"  "N" "sp2" }
>>> 	{ "NC"  "N" "sp2" }
>>> 	{ "NT"  "N" "sp3" }
>>> 	{ "NY"  "N" "sp2" }
>>> 	{ "N3"  "N" "sp3" }
>>> 	{ "S"   "S" "sp3" }
>>> 	{ "SH"  "S" "sp3" }
>>> 	{ "P"   "P" "sp3" }
>>> 	{ "LP"  ""  "sp3" }
>>> 	{ "EP"  ""  "sp3" }
>>> 	{ "F"   "F" "sp3" }
>>> 	{ "Cl"  "Cl" "sp3" }
>>> 	{ "Br"  "Br" "sp3" }
>>> 	{ "I"   "I"  "sp3" }
>>> 	{ "F-"   "F" "sp3" }
>>> 	{ "Cl-"  "Cl" "sp3" }
>>> 	{ "Br-"  "Br" "sp3" }
>>> 	{ "I-"   "I"  "sp3" }
>>> 	{ "Li+"  "Li"  "sp3" }
>>> 	{ "Na+"  "Na"  "sp3" }
>>> 	{ "K+"  "K"  "sp3" }
>>> 	{ "Rb+"  "Rb"  "sp3" }
>>> 	{ "Cs+"  "Cs"  "sp3" }
>>> 	{ "Mg+"  "Mg"  "sp3" }
>>> # glycam
>>> 	{ "OG"  "O" "sp3" }
>>> 	{ "OL"  "O" "sp3" }
>>> 	{ "AC"  "C" "sp3" }
>>> 	{ "EC"  "C" "sp3" }
>>> }
>>> #
>>> #	Load the main parameter set.
>>> #
>>> parm10 = loadamberparams parm10.dat
Loading parameters: /cbio/jclab/home/rustenburg/miniconda3/bin/../dat/leap/parm/parm10.dat
Reading title:
PARM99 + frcmod.ff99SB + frcmod.parmbsc0 + OL3 for RNA
(UNKNOWN ATOM TYPE: Zn)
(UNKNOWN ATOM TYPE: EP)
>>> #
>>> #	Load main chain and terminating amino acid libraries, nucleic acids
>>> #
>>> loadOff amino10.lib
Loading library: /cbio/jclab/home/rustenburg/miniconda3/bin/../dat/leap/lib/amino10.lib
Loading: ALA
Loading: ARG
Loading: ASH
Loading: ASN
Loading: ASP
Loading: CYM
Loading: CYS
Loading: CYX
Loading: GLH
Loading: GLN
Loading: GLU
Loading: GLY
Loading: HID
Loading: HIE
Loading: HIP
Loading: HYP
Loading: ILE
Loading: LEU
Loading: LYN
Loading: LYS
Loading: MET
Loading: PHE
Loading: PRO
Loading: SER
Loading: THR
Loading: TRP
Loading: TYR
Loading: VAL
>>> loadOff aminoct10.lib
Loading library: /cbio/jclab/home/rustenburg/miniconda3/bin/../dat/leap/lib/aminoct10.lib
Loading: CALA
Loading: CARG
Loading: CASN
Loading: CASP
Loading: CCYS
Loading: CCYX
Loading: CGLN
Loading: CGLU
Loading: CGLY
Loading: CHID
Loading: CHIE
Loading: CHIP
Loading: CILE
Loading: CLEU
Loading: CLYS
Loading: CMET
Loading: CPHE
Loading: CPRO
Loading: CSER
Loading: CTHR
Loading: CTRP
Loading: CTYR
Loading: CVAL
Loading: NHE
Loading: NME
>>> loadOff aminont10.lib
Loading library: /cbio/jclab/home/rustenburg/miniconda3/bin/../dat/leap/lib/aminont10.lib
Loading: ACE
Loading: NALA
Loading: NARG
Loading: NASN
Loading: NASP
Loading: NCYS
Loading: NCYX
Loading: NGLN
Loading: NGLU
Loading: NGLY
Loading: NHID
Loading: NHIE
Loading: NHIP
Loading: NILE
Loading: NLEU
Loading: NLYS
Loading: NMET
Loading: NPHE
Loading: NPRO
Loading: NSER
Loading: NTHR
Loading: NTRP
Loading: NTYR
Loading: NVAL
>>> loadOff phosphoaa10.lib
Could not open file phosphoaa10.lib: not found
Could not open database: phosphoaa10.lib
>>> loadOff nucleic10.lib
Loading library: /cbio/jclab/home/rustenburg/miniconda3/bin/../dat/leap/lib/nucleic10.lib
Loading: A
Loading: A3
Loading: A5
Loading: AN
Loading: C
Loading: C3
Loading: C5
Loading: CN
Loading: DA
Loading: DA3
Loading: DA5
Loading: DAN
Loading: DC
Loading: DC3
Loading: DC5
Loading: DCN
Loading: DG
Loading: DG3
Loading: DG5
Loading: DGN
Loading: DT
Loading: DT3
Loading: DT5
Loading: DTN
Loading: G
Loading: G3
Loading: G5
Loading: GN
Loading: OHE
Loading: U
Loading: U3
Loading: U5
Loading: UN
>>> #
>>> #       Load water and ions
>>> # 
>>> loadOff atomic_ions.lib
Loading library: /cbio/jclab/home/rustenburg/miniconda3/bin/../dat/leap/lib/atomic_ions.lib
Loading: AG
Loading: AL
Loading: Ag
Loading: BA
Loading: BR
Loading: Be
Loading: CA
Loading: CD
Loading: CE
Loading: CL
Loading: CO
Loading: CR
Loading: CS
Loading: CU
Loading: CU1
Loading: Ce
Loading: Cl-
Loading: Cr
Loading: Dy
Loading: EU
Loading: EU3
Loading: Er
Loading: F
Loading: FE
Loading: FE2
Loading: GD3
Loading: H3O+
Loading: HE+
Loading: HG
Loading: HZ+
Loading: Hf
Loading: IN
Loading: IOD
Loading: K
Loading: K+
Loading: LA
Loading: LI
Loading: LU
Loading: MG
Loading: MN
Loading: NA
Loading: NH4
Loading: NI
Loading: Na+
Loading: Nd
Loading: PB
Loading: PD
Loading: PR
Loading: PT
Loading: Pu
Loading: RB
Loading: Ra
Loading: SM
Loading: SR
Loading: Sm
Loading: Sn
Loading: TB
Loading: TL
Loading: Th
Loading: Tl
Loading: Tm
Loading: U4+
Loading: V2+
Loading: Y
Loading: YB2
Loading: ZN
Loading: Zr
>>> loadOff solvents.lib
Loading library: /cbio/jclab/home/rustenburg/miniconda3/bin/../dat/leap/lib/solvents.lib
Loading: CHCL3BOX
Loading: DC4
Loading: MEOHBOX
Loading: NMABOX
Loading: OPC
Loading: OPCBOX
Loading: PL3
Loading: POL3BOX
Loading: QSPCFWBOX
Loading: SPC
Loading: SPCBOX
Loading: SPCFWBOX
Loading: SPF
Loading: SPG
Loading: T4E
Loading: TIP3PBOX
Loading: TIP3PFBOX
Loading: TIP4PBOX
Loading: TIP4PEWBOX
Loading: TIP5PBOX
Loading: TP3
Loading: TP4
Loading: TP5
Loading: TPF
>>> HOH = TP3
>>> WAT = TP3
>>> 
>>> #
>>> #	Define the PDB name map for the amino acids and nucleic acids
>>> #
>>> addPdbResMap {
>>>   { 0 "ALA" "NALA" } { 1 "ALA" "CALA" }
>>>   { 0 "ARG" "NARG" } { 1 "ARG" "CARG" }
>>>   { 0 "ASN" "NASN" } { 1 "ASN" "CASN" }
>>>   { 0 "ASP" "NASP" } { 1 "ASP" "CASP" }
>>>   { 0 "CYS" "NCYS" } { 1 "CYS" "CCYS" }
>>>   { 0 "CYX" "NCYX" } { 1 "CYX" "CCYX" }
>>>   { 0 "GLN" "NGLN" } { 1 "GLN" "CGLN" }
>>>   { 0 "GLU" "NGLU" } { 1 "GLU" "CGLU" }
>>>   { 0 "GLY" "NGLY" } { 1 "GLY" "CGLY" }
>>>   { 0 "HID" "NHID" } { 1 "HID" "CHID" }
>>>   { 0 "HIE" "NHIE" } { 1 "HIE" "CHIE" }
>>>   { 0 "HIP" "NHIP" } { 1 "HIP" "CHIP" }
>>>   { 0 "ILE" "NILE" } { 1 "ILE" "CILE" }
>>>   { 0 "LEU" "NLEU" } { 1 "LEU" "CLEU" }
>>>   { 0 "LYS" "NLYS" } { 1 "LYS" "CLYS" }
>>>   { 0 "MET" "NMET" } { 1 "MET" "CMET" }
>>>   { 0 "PHE" "NPHE" } { 1 "PHE" "CPHE" }
>>>   { 0 "PRO" "NPRO" } { 1 "PRO" "CPRO" }
>>>   { 0 "SER" "NSER" } { 1 "SER" "CSER" }
>>>   { 0 "THR" "NTHR" } { 1 "THR" "CTHR" }
>>>   { 0 "TRP" "NTRP" } { 1 "TRP" "CTRP" }
>>>   { 0 "TYR" "NTYR" } { 1 "TYR" "CTYR" }
>>>   { 0 "VAL" "NVAL" } { 1 "VAL" "CVAL" }
>>>   { 0 "HIS" "NHIS" } { 1 "HIS" "CHIS" }
>>>   { 0 "G" "G5"  } { 1 "G" "G3"  } 
>>>   { 0 "A" "A5"  } { 1 "A" "A3"  } 
>>>   { 0 "C" "C5"  } { 1 "C" "C3"  } 
>>>   { 0 "U" "U5"  } { 1 "U" "U3"  } 
>>>   { 0 "DG" "DG5"  } { 1 "DG" "DG3"  }  
>>>   { 0 "DA" "DA5"  } { 1 "DA" "DA3"  }  
>>>   { 0 "DC" "DC5"  } { 1 "DC" "DC3"  }  
>>>   { 0 "DT" "DT5"  } { 1 "DT" "DT3"  }  
>>> #  some old Amber residue names for RNA:
>>>   { 0  "RA5" "A5" } { 1 "RA3" "A3"} {"RA" "A" }
>>>   { 0  "RC5" "C5" } { 1 "RC3" "C3"} {"RC" "C" }
>>>   { 0  "RG5" "G5" } { 1 "RG3" "G3"} {"RG" "G" }
>>>   { 0  "RU5" "U5" } { 1 "RU3" "U3"} {"RU" "U" }
>>> #  some really old Amber residue names, assuming DNA:
>>>   { 0 "GUA" "DG5"  } { 1 "GUA" "DG3"  } { "GUA" "DG" }
>>>   { 0 "ADE" "DA5"  } { 1 "ADE" "DA3"  } { "ADE" "DA" }
>>>   { 0 "CYT" "DC5"  } { 1 "CYT" "DC3"  } { "CYT" "DC" }
>>>   { 0 "THY" "DT5"  } { 1 "THY" "DT3"  } { "THY" "DT" }
>>> #  uncomment out the following if you have this old style RNA files:
>>> # { 0 "GUA" "G5"  } { 1 "GUA" "G3"  } { "GUA" "G" }
>>> # { 0 "ADE" "A5"  } { 1 "ADE" "A3"  } { "ADE" "A" }
>>> # { 0 "CYT" "C5"  } { 1 "CYT" "C3"  } { "CYT" "C" }
>>> # { 0 "THY" "T5"  } { 1 "THY" "T3"  } { "THY" "T" }
>>> 
>>> }
>>> 
>>> #  try to be good about reading in really old atom names as well:
>>> addPdbAtomMap {
>>>   { "O5*" "O5'" }
>>>   { "C5*" "C5'" }
>>>   { "C4*" "C4'" }
>>>   { "O4*" "O4'" }
>>>   { "C3*" "C3'" }
>>>   { "O3*" "O3'" }
>>>   { "C2*" "C2'" }
>>>   { "O2*" "O2'" }
>>>   { "C1*" "C1'" }
>>>   { "C5M" "C7"  }
>>>   { "H1*" "H1'" }
>>>   { "H2*1" "H2'" }
>>>   { "H2*2" "H2''" }
>>>   { "H2'1" "H2'" }
>>>   { "H2'2" "H2''" }
>>>   { "H3*" "H3'" }
>>>   { "H4*" "H4'" }
>>>   { "H5*1" "H5'" }
>>>   { "H5*2" "H5''" }
>>>   { "H5'1" "H5'" }
>>>   { "H5'2" "H5''" }
>>>   { "HO'2" "HO2'" }
>>>   { "H5T"  "HO5'" }
>>>   { "H3T"  "HO3'" }
>>>   { "O1'" "O4'" }
>>>   { "OA"  "OP1" }
>>>   { "OB"  "OP2" }
>>>   { "O1P" "OP1" }
>>>   { "O2P" "OP2" }
>>> }
>>> 
>>> #
>>> # assume that most often proteins use HIE
>>> #
>>> NHIS = NHIE
>>> HIS = HIE
>>> CHIS = CHIE
>> 
>> 
>> # Extra constant pH libraries for Amino Acids
>> loadOFF constph.lib
Loading library: /cbio/jclab/home/rustenburg/miniconda3/bin/../dat/leap/lib/constph.lib
Loading: AS2
Loading: AS4
Loading: GL4
>> 
>> # Extra constant pH libraries for Nucleic Acids
>> loadOFF all_prot_nucleic10.lib
Loading library: /cbio/jclab/home/rustenburg/miniconda3/bin/../dat/leap/lib/all_prot_nucleic10.lib
Loading: A3E
Loading: A3P
Loading: A5E
Loading: A5P
Loading: AE
Loading: AP
Loading: C3E
Loading: C3P
Loading: C5E
Loading: C5P
Loading: CE
Loading: CP
Loading: D3A
Loading: D3AE
Loading: D3C
Loading: D3CE
Loading: D3G
Loading: D3GE
Loading: D3T
Loading: D3TE
Loading: D5A
Loading: D5AE
Loading: D5C
Loading: D5CE
Loading: D5G
Loading: D5GE
Loading: D5T
Loading: D5TE
Loading: DAE
Loading: DAP
Loading: DCE
Loading: DCP
Loading: DGD
Loading: DGE
Loading: DTD
Loading: DTE
Loading: G3D
Loading: G3E
Loading: G5D
Loading: G5E
Loading: GD
Loading: GE
Loading: U3D
Loading: U3E
Loading: U5D
Loading: U5E
Loading: UD
Loading: UE
>> loadOFF cph_nucleic_caps.lib
Loading library: /cbio/jclab/home/rustenburg/miniconda3/bin/../dat/leap/lib/cph_nucleic_caps.lib
Loading: CH3
Loading: MOC
>> 
>> # Necessary constant pH force field modifications
>> loadAmberParams frcmod.constph
Loading parameters: /cbio/jclab/home/rustenburg/miniconda3/bin/../dat/leap/parm/frcmod.constph
Reading force field modification type file (frcmod)
Reading title:
Force field modifcations for titrations
>> loadAmberParams frcmod.protonated_nucleic
Loading parameters: /cbio/jclab/home/rustenburg/miniconda3/bin/../dat/leap/parm/frcmod.protonated_nucleic
Reading force field modification type file (frcmod)
Reading title:
Force field modifications for protonated nucleic acids
(UNKNOWN ATOM TYPE: NX)
(UNKNOWN ATOM TYPE: OX)
(UNKNOWN ATOM TYPE: HD)
>> 
>> # PBRadii must be mbondi2, corresponding to the proper reference energies
>> set default PBRadii mbondi2
Using H(N)-modified Bondi radii
> 
> 
> # Load the PDB file, rename it to your input file
> protein = loadPDB input.pdb
Loading PDB file: ./input.pdb
Enter zPdbReadScan from call depth  0.
-- residue 1: duplicate [ CE] atoms (total 2)
-- residue 1: duplicate [ NZ] atoms (total 2)
-- residue 24: duplicate [ CB] atoms (total 2)
-- residue 24: duplicate [ OG] atoms (total 2)
-- residue 43: duplicate [ CB] atoms (total 2)
-- residue 43: duplicate [ CG2] atoms (total 2)
-- residue 43: duplicate [ OG1] atoms (total 2)
-- residue 50: duplicate [ CB] atoms (total 2)
-- residue 50: duplicate [ OG] atoms (total 2)
-- residue 85: duplicate [ CB] atoms (total 2)
-- residue 85: duplicate [ OG] atoms (total 2)
-- residue 86: duplicate [ CB] atoms (total 2)
-- residue 86: duplicate [ OG] atoms (total 2)
-- residue 89: duplicate [ CB] atoms (total 2)
-- residue 89: duplicate [ CG2] atoms (total 2)
-- residue 89: duplicate [ OG1] atoms (total 2)
-- residue 109: duplicate [ CB] atoms (total 2)
-- residue 109: duplicate [ CG1] atoms (total 2)
-- residue 109: duplicate [ CG2] atoms (total 2)

   Warning: Atom names in each residue should be unique.
     (Same-name atoms are handled by using the first
      occurrence and by ignoring the rest.
      Frequently duplicate atom names stem from alternate
      conformations in the PDB file.)

Exit  zPdbReadScan from call depth  0.
Matching PDB residue names to LEaP variables.
Mapped residue LYS, term: Terminal/beginning, seq. number: 0 to: NLYS.
(Residue 1: VAL, Nonterminal, was not found in name map.)
(Residue 2: PHE, Nonterminal, was not found in name map.)
(Residue 3: GLY, Nonterminal, was not found in name map.)
(Residue 4: ARG, Nonterminal, was not found in name map.)
(Residue 5: CYX, Nonterminal, was not found in name map.)
(Residue 6: GL4, Nonterminal, was not found in name map.)
(Residue 7: LEU, Nonterminal, was not found in name map.)
(Residue 8: ALA, Nonterminal, was not found in name map.)
(Residue 9: ALA, Nonterminal, was not found in name map.)
(Residue 10: ALA, Nonterminal, was not found in name map.)
(Residue 11: MET, Nonterminal, was not found in name map.)
(Residue 12: LYS, Nonterminal, was not found in name map.)
(Residue 13: ARG, Nonterminal, was not found in name map.)
(Residue 14: HIP, Nonterminal, was not found in name map.)
(Residue 15: GLY, Nonterminal, was not found in name map.)
(Residue 16: LEU, Nonterminal, was not found in name map.)
(Residue 17: AS4, Nonterminal, was not found in name map.)
(Residue 18: ASN, Nonterminal, was not found in name map.)
(Residue 19: TYR, Nonterminal, was not found in name map.)
(Residue 20: ARG, Nonterminal, was not found in name map.)
(Residue 21: GLY, Nonterminal, was not found in name map.)
(Residue 22: TYR, Nonterminal, was not found in name map.)
(Residue 23: SER, Nonterminal, was not found in name map.)
(Residue 24: LEU, Nonterminal, was not found in name map.)
(Residue 25: GLY, Nonterminal, was not found in name map.)
(Residue 26: ASN, Nonterminal, was not found in name map.)
(Residue 27: TRP, Nonterminal, was not found in name map.)
(Residue 28: VAL, Nonterminal, was not found in name map.)
(Residue 29: CYX, Nonterminal, was not found in name map.)
(Residue 30: ALA, Nonterminal, was not found in name map.)
(Residue 31: ALA, Nonterminal, was not found in name map.)
(Residue 32: LYS, Nonterminal, was not found in name map.)
(Residue 33: PHE, Nonterminal, was not found in name map.)
(Residue 34: GL4, Nonterminal, was not found in name map.)
(Residue 35: SER, Nonterminal, was not found in name map.)
(Residue 36: ASN, Nonterminal, was not found in name map.)
(Residue 37: PHE, Nonterminal, was not found in name map.)
(Residue 38: ASN, Nonterminal, was not found in name map.)
(Residue 39: THR, Nonterminal, was not found in name map.)
(Residue 40: GLN, Nonterminal, was not found in name map.)
(Residue 41: ALA, Nonterminal, was not found in name map.)
(Residue 42: THR, Nonterminal, was not found in name map.)
(Residue 43: ASN, Nonterminal, was not found in name map.)
(Residue 44: ARG, Nonterminal, was not found in name map.)
(Residue 45: ASN, Nonterminal, was not found in name map.)
(Residue 46: THR, Nonterminal, was not found in name map.)
(Residue 47: AS4, Nonterminal, was not found in name map.)
(Residue 48: GLY, Nonterminal, was not found in name map.)
(Residue 49: SER, Nonterminal, was not found in name map.)
(Residue 50: THR, Nonterminal, was not found in name map.)
(Residue 51: AS4, Nonterminal, was not found in name map.)
(Residue 52: TYR, Nonterminal, was not found in name map.)
(Residue 53: GLY, Nonterminal, was not found in name map.)
(Residue 54: ILE, Nonterminal, was not found in name map.)
(Residue 55: LEU, Nonterminal, was not found in name map.)
(Residue 56: GLN, Nonterminal, was not found in name map.)
(Residue 57: ILE, Nonterminal, was not found in name map.)
(Residue 58: ASN, Nonterminal, was not found in name map.)
(Residue 59: SER, Nonterminal, was not found in name map.)
(Residue 60: ARG, Nonterminal, was not found in name map.)
(Residue 61: TRP, Nonterminal, was not found in name map.)
(Residue 62: TRP, Nonterminal, was not found in name map.)
(Residue 63: CYX, Nonterminal, was not found in name map.)
(Residue 64: ASN, Nonterminal, was not found in name map.)
(Residue 65: AS4, Nonterminal, was not found in name map.)
(Residue 66: GLY, Nonterminal, was not found in name map.)
(Residue 67: ARG, Nonterminal, was not found in name map.)
(Residue 68: THR, Nonterminal, was not found in name map.)
(Residue 69: PRO, Nonterminal, was not found in name map.)
(Residue 70: GLY, Nonterminal, was not found in name map.)
(Residue 71: SER, Nonterminal, was not found in name map.)
(Residue 72: ARG, Nonterminal, was not found in name map.)
(Residue 73: ASN, Nonterminal, was not found in name map.)
(Residue 74: LEU, Nonterminal, was not found in name map.)
(Residue 75: CYX, Nonterminal, was not found in name map.)
(Residue 76: ASN, Nonterminal, was not found in name map.)
(Residue 77: ILE, Nonterminal, was not found in name map.)
(Residue 78: PRO, Nonterminal, was not found in name map.)
(Residue 79: CYX, Nonterminal, was not found in name map.)
(Residue 80: SER, Nonterminal, was not found in name map.)
(Residue 81: ALA, Nonterminal, was not found in name map.)
(Residue 82: LEU, Nonterminal, was not found in name map.)
(Residue 83: LEU, Nonterminal, was not found in name map.)
(Residue 84: SER, Nonterminal, was not found in name map.)
(Residue 85: SER, Nonterminal, was not found in name map.)
(Residue 86: AS4, Nonterminal, was not found in name map.)
(Residue 87: ILE, Nonterminal, was not found in name map.)
(Residue 88: THR, Nonterminal, was not found in name map.)
(Residue 89: ALA, Nonterminal, was not found in name map.)
(Residue 90: SER, Nonterminal, was not found in name map.)
(Residue 91: VAL, Nonterminal, was not found in name map.)
(Residue 92: ASN, Nonterminal, was not found in name map.)
(Residue 93: CYX, Nonterminal, was not found in name map.)
(Residue 94: ALA, Nonterminal, was not found in name map.)
(Residue 95: LYS, Nonterminal, was not found in name map.)
(Residue 96: LYS, Nonterminal, was not found in name map.)
(Residue 97: ILE, Nonterminal, was not found in name map.)
(Residue 98: VAL, Nonterminal, was not found in name map.)
(Residue 99: SER, Nonterminal, was not found in name map.)
(Residue 100: AS4, Nonterminal, was not found in name map.)
(Residue 101: GLY, Nonterminal, was not found in name map.)
(Residue 102: ASN, Nonterminal, was not found in name map.)
(Residue 103: GLY, Nonterminal, was not found in name map.)
(Residue 104: MET, Nonterminal, was not found in name map.)
(Residue 105: ASN, Nonterminal, was not found in name map.)
(Residue 106: ALA, Nonterminal, was not found in name map.)
(Residue 107: TRP, Nonterminal, was not found in name map.)
(Residue 108: VAL, Nonterminal, was not found in name map.)
(Residue 109: ALA, Nonterminal, was not found in name map.)
(Residue 110: TRP, Nonterminal, was not found in name map.)
(Residue 111: ARG, Nonterminal, was not found in name map.)
(Residue 112: ASN, Nonterminal, was not found in name map.)
(Residue 113: ARG, Nonterminal, was not found in name map.)
(Residue 114: CYX, Nonterminal, was not found in name map.)
(Residue 115: LYS, Nonterminal, was not found in name map.)
(Residue 116: GLY, Nonterminal, was not found in name map.)
(Residue 117: THR, Nonterminal, was not found in name map.)
(Residue 118: AS4, Nonterminal, was not found in name map.)
(Residue 119: VAL, Nonterminal, was not found in name map.)
(Residue 120: GLN, Nonterminal, was not found in name map.)
(Residue 121: ALA, Nonterminal, was not found in name map.)
(Residue 122: TRP, Nonterminal, was not found in name map.)
(Residue 123: ILE, Nonterminal, was not found in name map.)
(Residue 124: ARG, Nonterminal, was not found in name map.)
(Residue 125: GLY, Nonterminal, was not found in name map.)
(Residue 126: CYX, Nonterminal, was not found in name map.)
(Residue 127: ARG, Nonterminal, was not found in name map.)
Mapped residue LEU, term: Terminal/last, seq. number: 128 to: CLEU.
Joining NLYS - VAL
Joining VAL - PHE
Joining PHE - GLY
Joining GLY - ARG
Joining ARG - CYX
Joining CYX - GL4
Joining GL4 - LEU
Joining LEU - ALA
Joining ALA - ALA
Joining ALA - ALA
Joining ALA - MET
Joining MET - LYS
Joining LYS - ARG
Joining ARG - HIP
Joining HIP - GLY
Joining GLY - LEU
Joining LEU - AS4
Joining AS4 - ASN
Joining ASN - TYR
Joining TYR - ARG
Joining ARG - GLY
Joining GLY - TYR
Joining TYR - SER
Joining SER - LEU
Joining LEU - GLY
Joining GLY - ASN
Joining ASN - TRP
Joining TRP - VAL
Joining VAL - CYX
Joining CYX - ALA
Joining ALA - ALA
Joining ALA - LYS
Joining LYS - PHE
Joining PHE - GL4
Joining GL4 - SER
Joining SER - ASN
Joining ASN - PHE
Joining PHE - ASN
Joining ASN - THR
Joining THR - GLN
Joining GLN - ALA
Joining ALA - THR
Joining THR - ASN
Joining ASN - ARG
Joining ARG - ASN
Joining ASN - THR
Joining THR - AS4
Joining AS4 - GLY
Joining GLY - SER
Joining SER - THR
Joining THR - AS4
Joining AS4 - TYR
Joining TYR - GLY
Joining GLY - ILE
Joining ILE - LEU
Joining LEU - GLN
Joining GLN - ILE
Joining ILE - ASN
Joining ASN - SER
Joining SER - ARG
Joining ARG - TRP
Joining TRP - TRP
Joining TRP - CYX
Joining CYX - ASN
Joining ASN - AS4
Joining AS4 - GLY
Joining GLY - ARG
Joining ARG - THR
Joining THR - PRO
Joining PRO - GLY
Joining GLY - SER
Joining SER - ARG
Joining ARG - ASN
Joining ASN - LEU
Joining LEU - CYX
Joining CYX - ASN
Joining ASN - ILE
Joining ILE - PRO
Joining PRO - CYX
Joining CYX - SER
Joining SER - ALA
Joining ALA - LEU
Joining LEU - LEU
Joining LEU - SER
Joining SER - SER
Joining SER - AS4
Joining AS4 - ILE
Joining ILE - THR
Joining THR - ALA
Joining ALA - SER
Joining SER - VAL
Joining VAL - ASN
Joining ASN - CYX
Joining CYX - ALA
Joining ALA - LYS
Joining LYS - LYS
Joining LYS - ILE
Joining ILE - VAL
Joining VAL - SER
Joining SER - AS4
Joining AS4 - GLY
Joining GLY - ASN
Joining ASN - GLY
Joining GLY - MET
Joining MET - ASN
Joining ASN - ALA
Joining ALA - TRP
Joining TRP - VAL
Joining VAL - ALA
Joining ALA - TRP
Joining TRP - ARG
Joining ARG - ASN
Joining ASN - ARG
Joining ARG - CYX
Joining CYX - LYS
Joining LYS - GLY
Joining GLY - THR
Joining THR - AS4
Joining AS4 - VAL
Joining VAL - GLN
Joining GLN - ALA
Joining ALA - TRP
Joining TRP - ILE
Joining ILE - ARG
Joining ARG - GLY
Joining GLY - CYX
Joining CYX - ARG
Joining ARG - CLEU
  total atoms in file: 1020
  Leap added 996 missing atoms according to residue templates:
       996 H / lone pairs
> 
> # Validate the input
> check protein
Checking 'protein'....
WARNING: The unperturbed charge of the unit: 9.000000 is not zero.
Warning: Close contact of 1.334904 angstroms between .R<GL4 7>.A<HE12 19> and .R<GL4 7>.A<H 2>
Warning: Close contact of 1.451745 angstroms between .R<AS4 18>.A<HD12 19> and .R<LEU 25>.A<H 2>
Warning: Close contact of 1.418591 angstroms between .R<AS4 52>.A<HD11 18> and .R<ASN 59>.A<HD22 12>
Warning: Close contact of 1.385317 angstroms between .R<AS4 87>.A<HD11 18> and .R<THR 89>.A<HG23 10>
Warning: Close contact of 1.243934 angstroms between .R<AS4 87>.A<HD21 11> and .R<THR 89>.A<HG21 8>
Warning: Close contact of 1.391481 angstroms between .R<AS4 119>.A<HD21 11> and .R<ARG 125>.A<HH22 22>
Warning: Close contact of 1.415220 angstroms between .R<ARG 128>.A<HE 15> and .R<ARG 128>.A<CD 11>
Checking parameters for unit 'protein'.
Checking for bond parameters.
Checking for angle parameters.
check:  Warnings: 8
Unit is OK.
> 
> # Calculate the total charge, for logging purposes
> charge protein
Total unperturbed charge:   9.000000
Total perturbed charge:     9.000000
> 
> # Write parameters.
> saveAmberParm protein complex.prmtop complex.inpcrd
Checking Unit.
WARNING: The unperturbed charge of the unit: 9.000000 is not zero.

 -- ignoring the warning.

Building topology.
Building atom parameters.
Building bond parameters.
Building angle parameters.
Building proper torsion parameters.
Building improper torsion parameters.
 ** Warning: No sp2 improper torsion term for  C*-CN-CB-CA
        atoms are: CG CE2 CD2 CE3
 ** Warning: No sp2 improper torsion term for  NA-CA-CN-CB
        atoms are: NE1 CZ2 CE2 CD2
 ** Warning: No sp2 improper torsion term for  C*-CN-CB-CA
        atoms are: CG CE2 CD2 CE3
 ** Warning: No sp2 improper torsion term for  NA-CA-CN-CB
        atoms are: NE1 CZ2 CE2 CD2
 ** Warning: No sp2 improper torsion term for  C*-CN-CB-CA
        atoms are: CG CE2 CD2 CE3
 ** Warning: No sp2 improper torsion term for  NA-CA-CN-CB
        atoms are: NE1 CZ2 CE2 CD2
 ** Warning: No sp2 improper torsion term for  C*-CN-CB-CA
        atoms are: CG CE2 CD2 CE3
 ** Warning: No sp2 improper torsion term for  NA-CA-CN-CB
        atoms are: NE1 CZ2 CE2 CD2
 ** Warning: No sp2 improper torsion term for  C*-CN-CB-CA
        atoms are: CG CE2 CD2 CE3
 ** Warning: No sp2 improper torsion term for  NA-CA-CN-CB
        atoms are: NE1 CZ2 CE2 CD2
 ** Warning: No sp2 improper torsion term for  C*-CN-CB-CA
        atoms are: CG CE2 CD2 CE3
 ** Warning: No sp2 improper torsion term for  NA-CA-CN-CB
        atoms are: NE1 CZ2 CE2 CD2
 total 445 improper torsions applied
Building H-Bond parameters.
Incorporating Non-Bonded adjustments.
Not Marking per-residue atom chain types.
Marking per-residue atom chain types.
  (Residues lacking connect0/connect1 - 
   these don't have chain types marked:

	res	total affected

	CLEU	1
	NLYS	1
  )
 (no restraints)
> 
> # Write PDB files, optional
> savepdb protein complex.pdb
Writing pdb file: complex.pdb
 Converting N-terminal residue name to PDB format: NLYS -> LYS
 Converting C-terminal residue name to PDB format: CLEU -> LEU
> 
> # Exit, make sure not to forget this part
> quit
	Quit
