-I: Adding /Users/choderaj/anaconda/bin/../dat/leap/prep to search path.
-I: Adding /Users/choderaj/anaconda/bin/../dat/leap/lib to search path.
-I: Adding /Users/choderaj/anaconda/bin/../dat/leap/parm to search path.
-I: Adding /Users/choderaj/anaconda/bin/../dat/leap/cmd to search path.
-f: Source generate-solvated-amino-acids.leap.in.

Welcome to LEaP!
(no leaprc in search path)
Sourcing: ./generate-solvated-amino-acids.leap.in
----- Source: /Users/choderaj/anaconda/bin/../dat/leap/cmd/leaprc.constph
----- Source of /Users/choderaj/anaconda/bin/../dat/leap/cmd/leaprc.constph done
----- Source: /Users/choderaj/anaconda/bin/../dat/leap/cmd/oldff/leaprc.ff10
----- Source of /Users/choderaj/anaconda/bin/../dat/leap/cmd/oldff/leaprc.ff10 done
Log file: ./leap.log
Loading parameters: /Users/choderaj/anaconda/bin/../dat/leap/parm/parm10.dat
Reading title:
PARM99 + frcmod.ff99SB + frcmod.parmbsc0 + OL3 for RNA
Loading library: /Users/choderaj/anaconda/bin/../dat/leap/lib/amino10.lib
Loading library: /Users/choderaj/anaconda/bin/../dat/leap/lib/aminoct10.lib
Loading library: /Users/choderaj/anaconda/bin/../dat/leap/lib/aminont10.lib
Could not open file phosphoaa10.lib: not found
Could not open database: phosphoaa10.lib
Loading library: /Users/choderaj/anaconda/bin/../dat/leap/lib/nucleic10.lib
Loading library: /Users/choderaj/anaconda/bin/../dat/leap/lib/atomic_ions.lib
Loading library: /Users/choderaj/anaconda/bin/../dat/leap/lib/solvents.lib
Loading library: /Users/choderaj/anaconda/bin/../dat/leap/lib/constph.lib
Loading library: /Users/choderaj/anaconda/bin/../dat/leap/lib/all_prot_nucleic10.lib
Loading library: /Users/choderaj/anaconda/bin/../dat/leap/lib/cph_nucleic_caps.lib
Loading parameters: /Users/choderaj/anaconda/bin/../dat/leap/parm/frcmod.constph
Reading force field modification type file (frcmod)
Reading title:
Force field modifcations for titrations
Loading parameters: /Users/choderaj/anaconda/bin/../dat/leap/parm/frcmod.protonated_nucleic
Reading force field modification type file (frcmod)
Reading title:
Force field modifications for protonated nucleic acids
Using H(N)-modified Bondi radii
Loading parameters: /Users/choderaj/anaconda/bin/../dat/leap/parm/frcmod.ionsjc_tip3p
Reading force field modification type file (frcmod)
Reading title:
Monovalent ion parameters for Ewald and TIP3P water from Joung & Cheatham JPCB (2008)
  Solute vdw bounding box:              9.871 10.680 5.995
  Total bounding box for atom centers:  33.871 34.680 29.995
  Solvent unit box:                     18.774 18.774 18.774
  Total vdw box size:                   36.592 37.796 33.088 angstroms.
  Volume: 45761.414 A^3 
  Total mass 18207.210 amu,  Density 0.661 g/cc
  Added 1000 residues.
Adding 2 counter ions to "system" using 1A grid
Grid extends from solute vdw + 1.37  to  7.28
Resolution:      1.00 Angstrom.
grid build: 0 sec
Solvent present: replacing closest with ion
	 when steric overlaps occur
Calculating grid charges
charges: 0 sec
(Replacing solvent molecule)
Placed Na+ in system at (6.67, 1.19, -0.92).
(Replacing solvent molecule)
Placed Cl- in system at (9.51, 2.20, -2.38).

Done adding ions.
Checking Unit.
WARNING: The unperturbed charge of the unit: -1.000000 is not zero.

 -- ignoring the warning.

Building topology.
Building atom parameters.
Building bond parameters.
Building angle parameters.
Building proper torsion parameters.
Building improper torsion parameters.
 total 7 improper torsions applied
Building H-Bond parameters.
Incorporating Non-Bonded adjustments.
Not Marking per-residue atom chain types.
Marking per-residue atom chain types.
  (Residues lacking connect0/connect1 - 
   these don't have chain types marked:

	res	total affected

	ACE	1
	NME	1
	WAT	998
  )
 (no restraints)
Writing pdb file: asp.pdb
  Solute vdw bounding box:              10.407 10.679 7.642
  Total bounding box for atom centers:  34.407 34.679 31.642
  Solvent unit box:                     18.774 18.774 18.774
  Total vdw box size:                   37.380 37.796 34.680 angstroms.
  Volume: 48996.963 A^3 
  Total mass 19752.596 amu,  Density 0.669 g/cc
  Added 1085 residues.
Adding 2 counter ions to "system" using 1A grid
Grid extends from solute vdw + 1.37  to  7.28
Resolution:      1.00 Angstrom.
grid build: 0 sec
Solvent present: replacing closest with ion
	 when steric overlaps occur
Calculating grid charges
charges: 0 sec
(Replacing solvent molecule)
Placed Na+ in system at (3.30, -1.64, -4.31).
(Replacing solvent molecule)
Placed Cl- in system at (2.93, -4.28, -5.36).

Done adding ions.
Checking Unit.
WARNING: The unperturbed charge of the unit: -1.000000 is not zero.

 -- ignoring the warning.

Building topology.
Building atom parameters.
Building bond parameters.
Building angle parameters.
Building proper torsion parameters.
Building improper torsion parameters.
 total 7 improper torsions applied
Building H-Bond parameters.
Incorporating Non-Bonded adjustments.
Not Marking per-residue atom chain types.
Marking per-residue atom chain types.
  (Residues lacking connect0/connect1 - 
   these don't have chain types marked:

	res	total affected

	ACE	1
	NME	1
	WAT	1083
  )
 (no restraints)
Writing pdb file: glu.pdb
  Solute vdw bounding box:              11.179 10.679 6.640
  Total bounding box for atom centers:  35.179 34.679 30.640
  Solvent unit box:                     18.774 18.774 18.774
  Total vdw box size:                   37.968 37.796 33.876 angstroms.
  Volume: 48612.997 A^3 
  Total mass 19542.418 amu,  Density 0.668 g/cc
  Added 1073 residues.
Adding 2 counter ions to "system" using 1A grid
Grid extends from solute vdw + 1.37  to  7.28
Resolution:      1.00 Angstrom.
grid build: 0 sec
Solvent present: replacing closest with ion
	 when steric overlaps occur
Calculating grid charges
charges: 0 sec
(Replacing solvent molecule)
Placed Na+ in system at (-1.46, -7.72, 0.54).
(Replacing solvent molecule)
Placed Cl- in system at (3.23, -5.66, 1.07).

Done adding ions.
Checking Unit.
WARNING: The unperturbed charge of the unit: 1.000000 is not zero.

 -- ignoring the warning.

Building topology.
Building atom parameters.
Building bond parameters.
Building angle parameters.
Building proper torsion parameters.
Building improper torsion parameters.
 total 9 improper torsions applied
Building H-Bond parameters.
Incorporating Non-Bonded adjustments.
Not Marking per-residue atom chain types.
Marking per-residue atom chain types.
  (Residues lacking connect0/connect1 - 
   these don't have chain types marked:

	res	total affected

	ACE	1
	NME	1
	WAT	1071
  )
 (no restraints)
Writing pdb file: his.pdb
  Solute vdw bounding box:              11.785 10.679 7.778
  Total bounding box for atom centers:  35.785 34.679 31.778
  Solvent unit box:                     18.774 18.774 18.774
  Total vdw box size:                   38.861 37.796 34.680 angstroms.
  Volume: 50937.523 A^3 
  Total mass 20668.456 amu,  Density 0.674 g/cc
  Added 1136 residues.
Adding 2 counter ions to "system" using 1A grid
Grid extends from solute vdw + 1.37  to  7.28
Resolution:      1.00 Angstrom.
grid build: 0 sec
Solvent present: replacing closest with ion
	 when steric overlaps occur
Calculating grid charges
charges: 0 sec
(Replacing solvent molecule)
Placed Na+ in system at (0.67, -6.11, 2.92).
(Replacing solvent molecule)
Placed Cl- in system at (4.60, -4.20, 2.95).

Done adding ions.
Checking Unit.
WARNING: The unperturbed charge of the unit: 1.000000 is not zero.

 -- ignoring the warning.

Building topology.
Building atom parameters.
Building bond parameters.
Building angle parameters.
Building proper torsion parameters.
Building improper torsion parameters.
 total 4 improper torsions applied
Building H-Bond parameters.
Incorporating Non-Bonded adjustments.
Not Marking per-residue atom chain types.
Marking per-residue atom chain types.
  (Residues lacking connect0/connect1 - 
   these don't have chain types marked:

	res	total affected

	ACE	1
	NME	1
	WAT	1134
  )
 (no restraints)
Writing pdb file: lys.pdb
  Solute vdw bounding box:              12.424 10.679 6.894
  Total bounding box for atom centers:  36.424 34.679 30.894
  Solvent unit box:                     18.774 18.774 18.774
  Total vdw box size:                   39.546 37.796 34.010 angstroms.
  Volume: 50833.943 A^3 
  Total mass 20594.348 amu,  Density 0.673 g/cc
  Added 1130 residues.
Adding 2 counter ions to "system" using 1A grid
Grid extends from solute vdw + 1.37  to  7.28
Resolution:      1.00 Angstrom.
grid build: 0 sec
Solvent present: replacing closest with ion
	 when steric overlaps occur
Calculating grid charges
charges: 0 sec
(Replacing solvent molecule)
Placed Na+ in system at (0.86, -6.11, 2.83).
(Replacing solvent molecule)
Placed Cl- in system at (2.05, -5.35, 7.52).

Done adding ions.
Checking Unit.
Building topology.
Building atom parameters.
Building bond parameters.
Building angle parameters.
Building proper torsion parameters.
Building improper torsion parameters.
 total 10 improper torsions applied
Building H-Bond parameters.
Incorporating Non-Bonded adjustments.
Not Marking per-residue atom chain types.
Marking per-residue atom chain types.
  (Residues lacking connect0/connect1 - 
   these don't have chain types marked:

	res	total affected

	ACE	1
	NME	1
	WAT	1128
  )
 (no restraints)
Writing pdb file: tyr.pdb
  Solute vdw bounding box:              9.312 10.679 5.895
  Total bounding box for atom centers:  33.312 34.679 29.895
  Solvent unit box:                     18.774 18.774 18.774
  Total vdw box size:                   36.592 37.796 32.993 angstroms.
  Volume: 45630.086 A^3 
  Total mass 17903.980 amu,  Density 0.652 g/cc
  Added 984 residues.
Adding 2 counter ions to "system" using 1A grid
Grid extends from solute vdw + 1.37  to  7.37
Resolution:      1.00 Angstrom.
grid build: 0 sec
Solvent present: replacing closest with ion
	 when steric overlaps occur
Calculating grid charges
charges: 0 sec
(Replacing solvent molecule)
Placed Na+ in system at (0.79, -6.11, 2.67).
(Replacing solvent molecule)
Placed Cl- in system at (-3.95, -8.08, 5.37).

Done adding ions.
Checking Unit.
Building topology.
Building atom parameters.
Building bond parameters.
Building angle parameters.
Building proper torsion parameters.
Building improper torsion parameters.
 total 4 improper torsions applied
Building H-Bond parameters.
Incorporating Non-Bonded adjustments.
Not Marking per-residue atom chain types.
Marking per-residue atom chain types.
  (Residues lacking connect0/connect1 - 
   these don't have chain types marked:

	res	total affected

	ACE	1
	NME	1
	WAT	982
  )
 (no restraints)
Writing pdb file: cys.pdb
	Quit
